monitor will print the received events for:
UDEV - the event which udev sends out after rule processing
KERNEL - the kernel uevent

KERNEL[171898.175986] unbind   /devices/pci0000:00/0000:00:01.2/0000:02:00.0/usb1/1-6/1-6:1.0/0003:05AC:0265.0038 (hid)
KERNEL[171898.176028] remove   /devices/pci0000:00/0000:00:01.2/0000:02:00.0/usb1/1-6/1-6:1.0/0003:05AC:0265.0038 (hid)
KERNEL[171898.176043] unbind   /devices/pci0000:00/0000:00:01.2/0000:02:00.0/usb1/1-6/1-6:1.0 (usb)
KERNEL[171898.176061] remove   /devices/pci0000:00/0000:00:01.2/0000:02:00.0/usb1/1-6/1-6:1.0 (usb)
KERNEL[171898.176357] remove   /devices/pci0000:00/0000:00:01.2/0000:02:00.0/usb1/1-6/1-6:1.1/0003:05AC:0265.0039/input/input40/event25 (input)
UDEV  [171898.177645] unbind   /devices/pci0000:00/0000:00:01.2/0000:02:00.0/usb1/1-6/1-6:1.0/0003:05AC:0265.0038 (hid)
UDEV  [171898.178340] remove   /devices/pci0000:00/0000:00:01.2/0000:02:00.0/usb1/1-6/1-6:1.0/0003:05AC:0265.0038 (hid)
UDEV  [171898.178488] remove   /devices/pci0000:00/0000:00:01.2/0000:02:00.0/usb1/1-6/1-6:1.1/0003:05AC:0265.0039/input/input40/event25 (input)
UDEV  [171898.179060] unbind   /devices/pci0000:00/0000:00:01.2/0000:02:00.0/usb1/1-6/1-6:1.0 (usb)
UDEV  [171898.179517] remove   /devices/pci0000:00/0000:00:01.2/0000:02:00.0/usb1/1-6/1-6:1.0 (usb)
KERNEL[171898.216094] remove   /devices/pci0000:00/0000:00:01.2/0000:02:00.0/usb1/1-6/1-6:1.1/0003:05AC:0265.0039/input/input40/mouse0 (input)
UDEV  [171898.216995] remove   /devices/pci0000:00/0000:00:01.2/0000:02:00.0/usb1/1-6/1-6:1.1/0003:05AC:0265.0039/input/input40/mouse0 (input)
KERNEL[171898.282331] remove   /devices/pci0000:00/0000:00:01.2/0000:02:00.0/usb1/1-6/1-6:1.1/0003:05AC:0265.0039/input/input40 (input)
KERNEL[171898.282372] remove   /devices/pci0000:00/0000:00:01.2/0000:02:00.0/usb1/1-6/1-6:1.1/usbmisc/hiddev4 (usbmisc)
KERNEL[171898.282390] remove   /devices/pci0000:00/0000:00:01.2/0000:02:00.0/usb1/1-6/1-6:1.1/0003:05AC:0265.0039/hidraw/hidraw4 (hidraw)
KERNEL[171898.282407] unbind   /devices/pci0000:00/0000:00:01.2/0000:02:00.0/usb1/1-6/1-6:1.1/0003:05AC:0265.0039 (hid)
KERNEL[171898.282427] remove   /devices/pci0000:00/0000:00:01.2/0000:02:00.0/usb1/1-6/1-6:1.1/0003:05AC:0265.0039 (hid)
KERNEL[171898.282444] unbind   /devices/pci0000:00/0000:00:01.2/0000:02:00.0/usb1/1-6/1-6:1.1 (usb)
KERNEL[171898.282466] remove   /devices/pci0000:00/0000:00:01.2/0000:02:00.0/usb1/1-6/1-6:1.1 (usb)
KERNEL[171898.282483] unbind   /devices/pci0000:00/0000:00:01.2/0000:02:00.0/usb1/1-6/1-6:1.2/0003:05AC:0265.003A (hid)
KERNEL[171898.282504] remove   /devices/pci0000:00/0000:00:01.2/0000:02:00.0/usb1/1-6/1-6:1.2/0003:05AC:0265.003A (hid)
KERNEL[171898.282521] unbind   /devices/pci0000:00/0000:00:01.2/0000:02:00.0/usb1/1-6/1-6:1.2 (usb)
KERNEL[171898.282543] remove   /devices/pci0000:00/0000:00:01.2/0000:02:00.0/usb1/1-6/1-6:1.2 (usb)
KERNEL[171898.282564] unbind   /devices/pci0000:00/0000:00:01.2/0000:02:00.0/usb1/1-6/1-6:1.3/0003:05AC:0265.003B (hid)
KERNEL[171898.282586] remove   /devices/pci0000:00/0000:00:01.2/0000:02:00.0/usb1/1-6/1-6:1.3/0003:05AC:0265.003B (hid)
KERNEL[171898.282603] unbind   /devices/pci0000:00/0000:00:01.2/0000:02:00.0/usb1/1-6/1-6:1.3 (usb)
KERNEL[171898.282623] remove   /devices/pci0000:00/0000:00:01.2/0000:02:00.0/usb1/1-6/1-6:1.3 (usb)
UDEV  [171898.283157] remove   /devices/pci0000:00/0000:00:01.2/0000:02:00.0/usb1/1-6/1-6:1.1/0003:05AC:0265.0039/input/input40 (input)
UDEV  [171898.283318] remove   /devices/pci0000:00/0000:00:01.2/0000:02:00.0/usb1/1-6/1-6:1.1/usbmisc/hiddev4 (usbmisc)
UDEV  [171898.283841] remove   /devices/pci0000:00/0000:00:01.2/0000:02:00.0/usb1/1-6/1-6:1.1/0003:05AC:0265.0039/hidraw/hidraw4 (hidraw)
UDEV  [171898.283881] unbind   /devices/pci0000:00/0000:00:01.2/0000:02:00.0/usb1/1-6/1-6:1.2/0003:05AC:0265.003A (hid)
UDEV  [171898.284420] remove   /devices/pci0000:00/0000:00:01.2/0000:02:00.0/usb1/1-6/1-6:1.2/0003:05AC:0265.003A (hid)
UDEV  [171898.284559] unbind   /devices/pci0000:00/0000:00:01.2/0000:02:00.0/usb1/1-6/1-6:1.1/0003:05AC:0265.0039 (hid)
UDEV  [171898.284903] unbind   /devices/pci0000:00/0000:00:01.2/0000:02:00.0/usb1/1-6/1-6:1.3/0003:05AC:0265.003B (hid)
UDEV  [171898.285047] remove   /devices/pci0000:00/0000:00:01.2/0000:02:00.0/usb1/1-6/1-6:1.1/0003:05AC:0265.0039 (hid)
UDEV  [171898.285135] unbind   /devices/pci0000:00/0000:00:01.2/0000:02:00.0/usb1/1-6/1-6:1.2 (usb)
KERNEL[171898.285327] unbind   /devices/pci0000:00/0000:00:01.2/0000:02:00.0/usb1/1-6 (usb)
KERNEL[171898.285363] remove   /devices/pci0000:00/0000:00:01.2/0000:02:00.0/usb1/1-6 (usb)
UDEV  [171898.285465] remove   /devices/pci0000:00/0000:00:01.2/0000:02:00.0/usb1/1-6/1-6:1.3/0003:05AC:0265.003B (hid)
UDEV  [171898.285620] remove   /devices/pci0000:00/0000:00:01.2/0000:02:00.0/usb1/1-6/1-6:1.2 (usb)
UDEV  [171898.285655] unbind   /devices/pci0000:00/0000:00:01.2/0000:02:00.0/usb1/1-6/1-6:1.1 (usb)
UDEV  [171898.286029] remove   /devices/pci0000:00/0000:00:01.2/0000:02:00.0/usb1/1-6/1-6:1.1 (usb)
UDEV  [171898.286186] unbind   /devices/pci0000:00/0000:00:01.2/0000:02:00.0/usb1/1-6/1-6:1.3 (usb)
UDEV  [171898.286570] remove   /devices/pci0000:00/0000:00:01.2/0000:02:00.0/usb1/1-6/1-6:1.3 (usb)
UDEV  [171898.287281] unbind   /devices/pci0000:00/0000:00:01.2/0000:02:00.0/usb1/1-6 (usb)
UDEV  [171898.287655] remove   /devices/pci0000:00/0000:00:01.2/0000:02:00.0/usb1/1-6 (usb)
KERNEL[171911.287616] add      /devices/pci0000:00/0000:00:01.2/0000:02:00.0/usb1/1-6 (usb)
KERNEL[171911.314544] change   /devices/pci0000:00/0000:00:01.2/0000:02:00.0/usb1/1-6 (usb)
KERNEL[171911.320539] add      /devices/pci0000:00/0000:00:01.2/0000:02:00.0/usb1/1-6/1-6:1.0 (usb)
KERNEL[171911.330554] add      /devices/pci0000:00/0000:00:01.2/0000:02:00.0/usb1/1-6/1-6:1.0/0003:05AC:0265.003F (hid)
KERNEL[171911.330588] bind     /devices/pci0000:00/0000:00:01.2/0000:02:00.0/usb1/1-6/1-6:1.0/0003:05AC:0265.003F (hid)
KERNEL[171911.330611] bind     /devices/pci0000:00/0000:00:01.2/0000:02:00.0/usb1/1-6/1-6:1.0 (usb)
KERNEL[171911.333644] add      /devices/pci0000:00/0000:00:01.2/0000:02:00.0/usb1/1-6/1-6:1.1 (usb)
KERNEL[171911.343551] add      /devices/pci0000:00/0000:00:01.2/0000:02:00.0/usb1/1-6/1-6:1.1/0003:05AC:0265.0040 (hid)
KERNEL[171911.343755] add      /devices/pci0000:00/0000:00:01.2/0000:02:00.0/usb1/1-6/1-6:1.1/0003:05AC:0265.0040/input/input42 (input)
KERNEL[171911.343786] add      /devices/pci0000:00/0000:00:01.2/0000:02:00.0/usb1/1-6/1-6:1.1/0003:05AC:0265.0040/input/input42/event25 (input)
KERNEL[171911.343805] add      /devices/pci0000:00/0000:00:01.2/0000:02:00.0/usb1/1-6/1-6:1.1/0003:05AC:0265.0040/input/input42/mouse0 (input)
KERNEL[171911.343821] add      /devices/pci0000:00/0000:00:01.2/0000:02:00.0/usb1/1-6/1-6:1.1/usbmisc/hiddev4 (usbmisc)
KERNEL[171911.343859] add      /devices/pci0000:00/0000:00:01.2/0000:02:00.0/usb1/1-6/1-6:1.1/0003:05AC:0265.0040/hidraw/hidraw4 (hidraw)
KERNEL[171911.346598] bind     /devices/pci0000:00/0000:00:01.2/0000:02:00.0/usb1/1-6/1-6:1.1/0003:05AC:0265.0040 (hid)
KERNEL[171911.346623] bind     /devices/pci0000:00/0000:00:01.2/0000:02:00.0/usb1/1-6/1-6:1.1 (usb)
KERNEL[171911.349523] add      /devices/pci0000:00/0000:00:01.2/0000:02:00.0/usb1/1-6/1-6:1.2 (usb)
KERNEL[171911.358566] add      /devices/pci0000:00/0000:00:01.2/0000:02:00.0/usb1/1-6/1-6:1.2/0003:05AC:0265.0041 (hid)
KERNEL[171911.358603] bind     /devices/pci0000:00/0000:00:01.2/0000:02:00.0/usb1/1-6/1-6:1.2/0003:05AC:0265.0041 (hid)
KERNEL[171911.358628] bind     /devices/pci0000:00/0000:00:01.2/0000:02:00.0/usb1/1-6/1-6:1.2 (usb)
KERNEL[171911.361525] add      /devices/pci0000:00/0000:00:01.2/0000:02:00.0/usb1/1-6/1-6:1.3 (usb)
KERNEL[171911.370543] add      /devices/pci0000:00/0000:00:01.2/0000:02:00.0/usb1/1-6/1-6:1.3/0003:05AC:0265.0042 (hid)
KERNEL[171911.370569] bind     /devices/pci0000:00/0000:00:01.2/0000:02:00.0/usb1/1-6/1-6:1.3/0003:05AC:0265.0042 (hid)
KERNEL[171911.370592] bind     /devices/pci0000:00/0000:00:01.2/0000:02:00.0/usb1/1-6/1-6:1.3 (usb)
KERNEL[171911.370621] bind     /devices/pci0000:00/0000:00:01.2/0000:02:00.0/usb1/1-6 (usb)
UDEV  [171911.371300] add      /devices/pci0000:00/0000:00:01.2/0000:02:00.0/usb1/1-6 (usb)
UDEV  [171911.371863] change   /devices/pci0000:00/0000:00:01.2/0000:02:00.0/usb1/1-6 (usb)
UDEV  [171911.372333] add      /devices/pci0000:00/0000:00:01.2/0000:02:00.0/usb1/1-6/1-6:1.0 (usb)
UDEV  [171911.373398] add      /devices/pci0000:00/0000:00:01.2/0000:02:00.0/usb1/1-6/1-6:1.2 (usb)
UDEV  [171911.373562] add      /devices/pci0000:00/0000:00:01.2/0000:02:00.0/usb1/1-6/1-6:1.0/0003:05AC:0265.003F (hid)
UDEV  [171911.373767] add      /devices/pci0000:00/0000:00:01.2/0000:02:00.0/usb1/1-6/1-6:1.1 (usb)
UDEV  [171911.374304] add      /devices/pci0000:00/0000:00:01.2/0000:02:00.0/usb1/1-6/1-6:1.2/0003:05AC:0265.0041 (hid)
UDEV  [171911.374358] add      /devices/pci0000:00/0000:00:01.2/0000:02:00.0/usb1/1-6/1-6:1.3 (usb)
UDEV  [171911.374396] bind     /devices/pci0000:00/0000:00:01.2/0000:02:00.0/usb1/1-6/1-6:1.0/0003:05AC:0265.003F (hid)
UDEV  [171911.374594] add      /devices/pci0000:00/0000:00:01.2/0000:02:00.0/usb1/1-6/1-6:1.1/0003:05AC:0265.0040 (hid)
UDEV  [171911.375143] bind     /devices/pci0000:00/0000:00:01.2/0000:02:00.0/usb1/1-6/1-6:1.2/0003:05AC:0265.0041 (hid)
UDEV  [171911.375165] add      /devices/pci0000:00/0000:00:01.2/0000:02:00.0/usb1/1-6/1-6:1.1/usbmisc/hiddev4 (usbmisc)
UDEV  [171911.375536] add      /devices/pci0000:00/0000:00:01.2/0000:02:00.0/usb1/1-6/1-6:1.3/0003:05AC:0265.0042 (hid)
UDEV  [171911.375725] bind     /devices/pci0000:00/0000:00:01.2/0000:02:00.0/usb1/1-6/1-6:1.0 (usb)
UDEV  [171911.376194] bind     /devices/pci0000:00/0000:00:01.2/0000:02:00.0/usb1/1-6/1-6:1.2 (usb)
UDEV  [171911.376522] bind     /devices/pci0000:00/0000:00:01.2/0000:02:00.0/usb1/1-6/1-6:1.3/0003:05AC:0265.0042 (hid)
UDEV  [171911.376659] add      /devices/pci0000:00/0000:00:01.2/0000:02:00.0/usb1/1-6/1-6:1.1/0003:05AC:0265.0040/input/input42 (input)
UDEV  [171911.377385] bind     /devices/pci0000:00/0000:00:01.2/0000:02:00.0/usb1/1-6/1-6:1.3 (usb)
UDEV  [171911.378490] add      /devices/pci0000:00/0000:00:01.2/0000:02:00.0/usb1/1-6/1-6:1.1/0003:05AC:0265.0040/input/input42/mouse0 (input)
UDEV  [171911.380718] add      /devices/pci0000:00/0000:00:01.2/0000:02:00.0/usb1/1-6/1-6:1.1/0003:05AC:0265.0040/hidraw/hidraw4 (hidraw)
UDEV  [171911.789196] add      /devices/pci0000:00/0000:00:01.2/0000:02:00.0/usb1/1-6/1-6:1.1/0003:05AC:0265.0040/input/input42/event25 (input)
UDEV  [171911.789760] bind     /devices/pci0000:00/0000:00:01.2/0000:02:00.0/usb1/1-6/1-6:1.1/0003:05AC:0265.0040 (hid)
UDEV  [171911.790264] bind     /devices/pci0000:00/0000:00:01.2/0000:02:00.0/usb1/1-6/1-6:1.1 (usb)
UDEV  [171911.791016] bind     /devices/pci0000:00/0000:00:01.2/0000:02:00.0/usb1/1-6 (usb)
